<?xml version="1.0" encoding="UTF-8"?>
<!-- Generated by org.testng.reporters.JUnitReportReporter -->
<testsuite hostname="DESKTOP-AI3DK3O" failures="0" tests="5" name="testcase.TestCase" time="32.069" errors="0" timestamp="2023-02-07T17:43:24 IST" skipped="0">
  <testcase classname="testcase.TestCase" name="termsandcondition" time="5.720"/>
  <system-out/>
  <testcase classname="testcase.TestCase" name="Ctestbutton" time="6.938"/>
  <system-out/>
  <testcase classname="testcase.TestCase" name="Dresources" time="12.151"/>
  <system-out/>
  <testcase classname="testcase.TestCase" name="Environmentvaribale" time="6.385"/>
  <system-out/>
  <testcase classname="testcase.TestCase" name="Btestloginpage" time="0.875"/>
  <system-out/>
</testsuite> <!-- testcase.TestCase -->
